#
# There is insufficient memory for the Java Runtime Environment to continue.
# Native memory allocation (malloc) failed to allocate 470096 bytes for Chunk::new
# Possible reasons:
#   The system is out of physical RAM or swap space
#   The process is running with CompressedOops enabled, and the Java Heap may be blocking the growth of the native heap
# Possible solutions:
#   Reduce memory load on the system
#   Increase physical memory or swap space
#   Check if swap backing store is full
#   Decrease Java heap size (-Xmx/-Xms)
#   Decrease number of Java threads
#   Decrease Java thread stack sizes (-Xss)
#   Set larger code cache with -XX:ReservedCodeCacheSize=
#   JVM is running with Unscaled Compressed Oops mode in which the Java heap is
#     placed in the first 4GB address space. The Java Heap base address is the
#     maximum limit for the native heap growth. Please use -XX:HeapBaseMinAddress
#     to set the Java Heap base and to place the Java Heap above 4GB virtual address.
# This output file may be truncated or incomplete.
#
#  Out of Memory Error (arena.cpp:189), pid=142432, tid=142580
#
# JRE version: OpenJDK Runtime Environment Temurin-17.0.6+10 (17.0.6+10) (build 17.0.6+10)
# Java VM: OpenJDK 64-Bit Server VM Temurin-17.0.6+10 (17.0.6+10, mixed mode, tiered, compressed oops, compressed class ptrs, parallel gc, windows-amd64)
# No core dump will be written. Minidumps are not enabled by default on client versions of Windows
#

---------------  S U M M A R Y ------------

Command Line: --add-modules=ALL-SYSTEM --add-opens=java.base/java.util=ALL-UNNAMED --add-opens=java.base/java.lang=ALL-UNNAMED --add-opens=java.base/sun.nio.fs=ALL-UNNAMED -Declipse.application=org.eclipse.jdt.ls.core.id1 -Dosgi.bundles.defaultStartLevel=4 -Declipse.product=org.eclipse.jdt.ls.core.product -Djava.import.generatesMetadataFilesAtProjectRoot=false -Dfile.encoding=utf8 -XX:+UseParallelGC -XX:GCTimeRatio=4 -XX:AdaptiveSizePolicyWeight=90 -Dsun.zip.disableMemoryMapping=true -Xmx1G -Xms100m -Xlog:disable -javaagent:c:\Users\sipen\.vscode\extensions\redhat.java-1.16.0-win32-x64\lombok\lombok-1.18.24.jar c:\Users\sipen\.vscode\extensions\redhat.java-1.16.0-win32-x64\server\plugins\org.eclipse.equinox.launcher_1.6.400.v20210924-0641.jar -configuration c:\Users\sipen\AppData\Roaming\Code\User\globalStorage\redhat.java\1.16.0\config_ss_win -data c:\Users\sipen\AppData\Roaming\Code\User\workspaceStorage\33f9beadbb56ea88f4d707c5dc9e640f\redhat.java\ss_ws

Host: 11th Gen Intel(R) Core(TM) i5-1135G7 @ 2.40GHz, 8 cores, 7G,  Windows 10 , 64 bit Build 19041 (10.0.19041.2546)
Time: Thu Mar 30 18:31:39 2023 Hora Padrão da Bahia elapsed time: 1.319856 seconds (0d 0h 0m 1s)

---------------  T H R E A D  ---------------

Current thread (0x00000122c2724e80):  JavaThread "C2 CompilerThread0" daemon [_thread_in_native, id=142580, stack(0x0000001914f00000,0x0000001915000000)]


Current CompileTask:
C2:   1319  636   !   4       java.util.jar.Attributes::read (498 bytes)

Stack: [0x0000001914f00000,0x0000001915000000]
Native frames: (J=compiled Java code, j=interpreted, Vv=VM code, C=native code)
V  [jvm.dll+0x67741a]
V  [jvm.dll+0x834434]
V  [jvm.dll+0x835bde]
V  [jvm.dll+0x836243]
V  [jvm.dll+0x2457b5]
V  [jvm.dll+0xabafc]
V  [jvm.dll+0xac0cc]
V  [jvm.dll+0x363492]
V  [jvm.dll+0x32dda1]
V  [jvm.dll+0x32d24a]
V  [jvm.dll+0x2185f1]
V  [jvm.dll+0x217a11]
V  [jvm.dll+0x1a3d0d]
V  [jvm.dll+0x22742a]
V  [jvm.dll+0x225565]
V  [jvm.dll+0x7ea2cb]
V  [jvm.dll+0x7e483a]
V  [jvm.dll+0x6762c5]
C  [ucrtbase.dll+0x21bb2]
C  [KERNEL32.DLL+0x17614]
C  [ntdll.dll+0x526a1]


---------------  P R O C E S S  ---------------

Threads class SMR info:
_java_thread_list=0x00000122c2a0cdf0, length=12, elements={
0x00000122acd938a0, 0x00000122c0c0e730, 0x00000122c0c0fad0, 0x00000122c271f130,
0x00000122c271fbf0, 0x00000122c27229c0, 0x00000122c2724290, 0x00000122c2724e80,
0x00000122c2775020, 0x00000122c279b520, 0x00000122c2873f60, 0x00000122c2a37eb0
}

Java Threads: ( => current thread )
  0x00000122acd938a0 JavaThread "main" [_thread_in_vm, id=140088, stack(0x0000001914600000,0x0000001914700000)]
  0x00000122c0c0e730 JavaThread "Reference Handler" daemon [_thread_blocked, id=142484, stack(0x0000001914900000,0x0000001914a00000)]
  0x00000122c0c0fad0 JavaThread "Finalizer" daemon [_thread_blocked, id=142408, stack(0x0000001914a00000,0x0000001914b00000)]
  0x00000122c271f130 JavaThread "Signal Dispatcher" daemon [_thread_blocked, id=142576, stack(0x0000001914b00000,0x0000001914c00000)]
  0x00000122c271fbf0 JavaThread "Attach Listener" daemon [_thread_blocked, id=142584, stack(0x0000001914c00000,0x0000001914d00000)]
  0x00000122c27229c0 JavaThread "Service Thread" daemon [_thread_blocked, id=142600, stack(0x0000001914d00000,0x0000001914e00000)]
  0x00000122c2724290 JavaThread "Monitor Deflation Thread" daemon [_thread_blocked, id=142712, stack(0x0000001914e00000,0x0000001914f00000)]
=>0x00000122c2724e80 JavaThread "C2 CompilerThread0" daemon [_thread_in_native, id=142580, stack(0x0000001914f00000,0x0000001915000000)]
  0x00000122c2775020 JavaThread "C1 CompilerThread0" daemon [_thread_blocked, id=142636, stack(0x0000001915000000,0x0000001915100000)]
  0x00000122c279b520 JavaThread "Sweeper thread" daemon [_thread_blocked, id=142628, stack(0x0000001915100000,0x0000001915200000)]
  0x00000122c2873f60 JavaThread "Common-Cleaner" daemon [_thread_blocked, id=142624, stack(0x0000001915200000,0x0000001915300000)]
  0x00000122c2a37eb0 JavaThread "Notification Thread" daemon [_thread_blocked, id=142676, stack(0x0000001915400000,0x0000001915500000)]

Other Threads:
  0x00000122c2701d00 VMThread "VM Thread" [stack: 0x0000001914800000,0x0000001914900000] [id=142404]
  0x00000122c2a09960 WatcherThread [stack: 0x0000001915500000,0x0000001915600000] [id=142504]
  0x00000122acda79e0 GCTaskThread "GC Thread#0" [stack: 0x0000001914700000,0x0000001914800000] [id=142412]

Threads with active compile tasks:
C2 CompilerThread0     1334  636   !   4       java.util.jar.Attributes::read (498 bytes)

VM state: not at safepoint (normal execution)

VM Mutex/Monitor currently owned by a thread:  ([mutex/lock_event])
[0x00000122acd8dd00] Metaspace_lock - owner thread: 0x00000122acd938a0

Heap address: 0x00000000c0000000, size: 1024 MB, Compressed Oops mode: 32-bit

CDS archive(s) not mapped
Compressed class space mapped at: 0x0000000100000000-0x0000000140000000, reserved size: 1073741824
Narrow klass base: 0x0000000000000000, Narrow klass shift: 3, Narrow klass range: 0x140000000

GC Precious Log:
 CPUs: 8 total, 8 available
 Memory: 7991M
 Large Page Support: Disabled
 NUMA Support: Disabled
 Compressed Oops: Enabled (32-bit)
 Alignments: Space 512K, Generation 512K, Heap 2M
 Heap Min Capacity: 100M
 Heap Initial Capacity: 100M
 Heap Max Capacity: 1G
 Pre-touch: Disabled
 Parallel Workers: 8

Heap:
 PSYoungGen      total 29696K, used 16459K [0x00000000eab00000, 0x00000000ecc00000, 0x0000000100000000)
  eden space 25600K, 64% used [0x00000000eab00000,0x00000000ebb12e60,0x00000000ec400000)
  from space 4096K, 0% used [0x00000000ec800000,0x00000000ec800000,0x00000000ecc00000)
  to   space 4096K, 0% used [0x00000000ec400000,0x00000000ec400000,0x00000000ec800000)
 ParOldGen       total 68608K, used 0K [0x00000000c0000000, 0x00000000c4300000, 0x00000000eab00000)
  object space 68608K, 0% used [0x00000000c0000000,0x00000000c0000000,0x00000000c4300000)
 Metaspace       used 9345K, committed 9408K, reserved 1064960K
  class space    used 922K, committed 960K, reserved 1048576K

Card table byte_map: [0x00000122ac770000,0x00000122ac980000] _byte_map_base: 0x00000122ac170000

Marking Bits: (ParMarkBitMap*) 0x00007fff7f4c3e70
 Begin Bits: [0x00000122bea20000, 0x00000122bfa20000)
 End Bits:   [0x00000122bfa20000, 0x00000122c0a20000)

Polling page: 0x00000122ac560000

Metaspace:

Usage:
  Non-class:      8.23 MB used.
      Class:    922.19 KB used.
       Both:      9.13 MB used.

Virtual space:
  Non-class space:       16.00 MB reserved,       8.25 MB ( 52%) committed,  2 nodes.
      Class space:        1.00 GB reserved,     960.00 KB ( <1%) committed,  1 nodes.
             Both:        1.02 GB reserved,       9.19 MB ( <1%) committed. 

Chunk freelists:
   Non-Class:  2.87 MB
       Class:  3.09 MB
        Both:  5.96 MB

MaxMetaspaceSize: unlimited
CompressedClassSpaceSize: 1.00 GB
Initial GC threshold: 21.00 MB
Current GC threshold: 21.00 MB
CDS: off
MetaspaceReclaimPolicy: balanced
 - commit_granule_bytes: 65536.
 - commit_granule_words: 8192.
 - virtual_space_node_default_size: 1048576.
 - enlarge_chunks_in_place: 1.
 - new_chunks_are_fully_committed: 0.
 - uncommit_free_chunks: 1.
 - use_allocation_guard: 0.
 - handle_deallocations: 1.


Internal statistics:

num_allocs_failed_limit: 0.
num_arena_births: 16.
num_arena_deaths: 0.
num_vsnodes_births: 3.
num_vsnodes_deaths: 0.
num_space_committed: 147.
num_space_uncommitted: 0.
num_chunks_returned_to_freelist: 0.
num_chunks_taken_from_freelist: 54.
num_chunk_merges: 0.
num_chunk_splits: 30.
num_chunks_enlarged: 22.
num_purges: 0.
num_inconsistent_stats: 0.

CodeHeap 'non-profiled nmethods': size=120000Kb used=232Kb max_used=232Kb free=119767Kb
 bounds [0x00000122b74f0000, 0x00000122b7760000, 0x00000122bea20000]
CodeHeap 'profiled nmethods': size=120000Kb used=1150Kb max_used=1150Kb free=118849Kb
 bounds [0x00000122afa20000, 0x00000122afc90000, 0x00000122b6f50000]
CodeHeap 'non-nmethods': size=5760Kb used=1147Kb max_used=1162Kb free=4612Kb
 bounds [0x00000122b6f50000, 0x00000122b71c0000, 0x00000122b74f0000]
 total_blobs=1101 nmethods=676 adapters=340
 compilation: enabled
              stopped_count=0, restarted_count=0
 full_count=0

Compilation events (20 events):
Event: 1.305 Thread 0x00000122c2775020  661       3       java.lang.invoke.VarHandleGuards::guard_LI_J (78 bytes)
Event: 1.306 Thread 0x00000122c2775020 nmethod 661 0x00000122afb2a890 code [0x00000122afb2abc0, 0x00000122afb2c748]
Event: 1.306 Thread 0x00000122c2775020  662       3       java.lang.invoke.VarHandleByteArrayAsLongs$ArrayHandle::get (36 bytes)
Event: 1.306 Thread 0x00000122c2775020 nmethod 662 0x00000122afb2cf90 code [0x00000122afb2d160, 0x00000122afb2d618]
Event: 1.306 Thread 0x00000122c2775020  663       3       java.lang.invoke.VarHandleByteArrayAsLongs$ArrayHandle::index (13 bytes)
Event: 1.307 Thread 0x00000122c2775020 nmethod 663 0x00000122afb2d810 code [0x00000122afb2d9c0, 0x00000122afb2dbc8]
Event: 1.307 Thread 0x00000122c2775020  668       3       java.lang.Long::reverseBytes (46 bytes)
Event: 1.307 Thread 0x00000122c2775020 nmethod 668 0x00000122afb2dd10 code [0x00000122afb2dea0, 0x00000122afb2dff8]
Event: 1.308 Thread 0x00000122c2775020  670       3       sun.security.provider.SHA5::implCompress0 (346 bytes)
Event: 1.309 Thread 0x00000122c2775020 nmethod 670 0x00000122afb2e090 code [0x00000122afb2e2e0, 0x00000122afb2ed08]
Event: 1.309 Thread 0x00000122c2775020  675       3       sun.security.provider.ByteArrayAccess::b2lBig128 (232 bytes)
Event: 1.314 Thread 0x00000122c2775020 nmethod 675 0x00000122afb2f410 code [0x00000122afb2fee0, 0x00000122afb362b8]
Event: 1.314 Thread 0x00000122c2775020  676       3       sun.security.provider.SHA5::implCompress (13 bytes)
Event: 1.314 Thread 0x00000122c2775020 nmethod 676 0x00000122afb38010 code [0x00000122afb38200, 0x00000122afb38668]
Event: 1.314 Thread 0x00000122c2775020  677       3       sun.security.provider.SHA5::implCompressCheck (28 bytes)
Event: 1.315 Thread 0x00000122c2775020 nmethod 677 0x00000122afb38890 code [0x00000122afb38a60, 0x00000122afb38e18]
Event: 1.315 Thread 0x00000122c2775020  681       3       java.math.MutableBigInteger::unsignedLongCompare (20 bytes)
Event: 1.315 Thread 0x00000122c2775020 nmethod 681 0x00000122afb38f90 code [0x00000122afb39120, 0x00000122afb39298]
Event: 1.317 Thread 0x00000122c2775020  682       3       java.lang.StringLatin1::trim (76 bytes)
Event: 1.317 Thread 0x00000122c2775020 nmethod 682 0x00000122afb39310 code [0x00000122afb394e0, 0x00000122afb398c8]

GC Heap History (0 events):
No events

Dll operation events (8 events):
Event: 0.021 Loaded shared library c:\Users\sipen\.vscode\extensions\redhat.java-1.16.0-win32-x64\jre\17.0.6-win32-x86_64\bin\java.dll
Event: 0.262 Loaded shared library c:\Users\sipen\.vscode\extensions\redhat.java-1.16.0-win32-x64\jre\17.0.6-win32-x86_64\bin\zip.dll
Event: 0.268 Loaded shared library C:\Users\sipen\.vscode\extensions\redhat.java-1.16.0-win32-x64\jre\17.0.6-win32-x86_64\bin\instrument.dll
Event: 0.288 Loaded shared library C:\Users\sipen\.vscode\extensions\redhat.java-1.16.0-win32-x64\jre\17.0.6-win32-x86_64\bin\net.dll
Event: 0.290 Loaded shared library C:\Users\sipen\.vscode\extensions\redhat.java-1.16.0-win32-x64\jre\17.0.6-win32-x86_64\bin\nio.dll
Event: 0.309 Loaded shared library C:\Users\sipen\.vscode\extensions\redhat.java-1.16.0-win32-x64\jre\17.0.6-win32-x86_64\bin\zip.dll
Event: 0.388 Loaded shared library C:\Users\sipen\.vscode\extensions\redhat.java-1.16.0-win32-x64\jre\17.0.6-win32-x86_64\bin\jimage.dll
Event: 0.486 Loaded shared library c:\Users\sipen\.vscode\extensions\redhat.java-1.16.0-win32-x64\jre\17.0.6-win32-x86_64\bin\verify.dll

Deoptimization events (20 events):
Event: 0.970 Thread 0x00000122acd938a0 Uncommon trap: trap_request=0xffffff45 fr.pc=0x00000122b7503840 relative=0x00000000000000c0
Event: 0.970 Thread 0x00000122acd938a0 Uncommon trap: reason=unstable_if action=reinterpret pc=0x00000122b7503840 method=java.net.URI.match(CJJ)Z @ 45 c2
Event: 0.970 Thread 0x00000122acd938a0 DEOPT PACKING pc=0x00000122b7503840 sp=0x00000019146fcb00
Event: 0.970 Thread 0x00000122acd938a0 DEOPT UNPACKING pc=0x00000122b6fa9ea3 sp=0x00000019146fca88 mode 2
Event: 1.001 Thread 0x00000122acd938a0 Uncommon trap: trap_request=0xffffff45 fr.pc=0x00000122b7512ba8 relative=0x00000000000005a8
Event: 1.001 Thread 0x00000122acd938a0 Uncommon trap: reason=unstable_if action=reinterpret pc=0x00000122b7512ba8 method=java.lang.String.replace(Ljava/lang/CharSequence;Ljava/lang/CharSequence;)Ljava/lang/String; @ 48 c2
Event: 1.001 Thread 0x00000122acd938a0 DEOPT PACKING pc=0x00000122b7512ba8 sp=0x00000019146fca90
Event: 1.001 Thread 0x00000122acd938a0 DEOPT UNPACKING pc=0x00000122b6fa9ea3 sp=0x00000019146fca00 mode 2
Event: 1.196 Thread 0x00000122acd938a0 Uncommon trap: trap_request=0xffffff45 fr.pc=0x00000122b7520af4 relative=0x0000000000000074
Event: 1.196 Thread 0x00000122acd938a0 Uncommon trap: reason=unstable_if action=reinterpret pc=0x00000122b7520af4 method=jdk.internal.misc.Unsafe.convEndian(ZI)I @ 4 c2
Event: 1.196 Thread 0x00000122acd938a0 DEOPT PACKING pc=0x00000122b7520af4 sp=0x00000019146fdb40
Event: 1.196 Thread 0x00000122acd938a0 DEOPT UNPACKING pc=0x00000122b6fa9ea3 sp=0x00000019146fda70 mode 2
Event: 1.200 Thread 0x00000122acd938a0 Uncommon trap: trap_request=0xffffff45 fr.pc=0x00000122b7511b00 relative=0x00000000000005c0
Event: 1.200 Thread 0x00000122acd938a0 Uncommon trap: reason=unstable_if action=reinterpret pc=0x00000122b7511b00 method=java.lang.AbstractStringBuilder.append(Ljava/lang/String;)Ljava/lang/AbstractStringBuilder; @ 1 c2
Event: 1.200 Thread 0x00000122acd938a0 DEOPT PACKING pc=0x00000122b7511b00 sp=0x00000019146fdec0
Event: 1.200 Thread 0x00000122acd938a0 DEOPT UNPACKING pc=0x00000122b6fa9ea3 sp=0x00000019146fde40 mode 2
Event: 1.224 Thread 0x00000122acd938a0 DEOPT PACKING pc=0x00000122afade15a sp=0x00000019146fe200
Event: 1.224 Thread 0x00000122acd938a0 DEOPT UNPACKING pc=0x00000122b6faa9e3 sp=0x00000019146fd658 mode 0
Event: 1.269 Thread 0x00000122acd938a0 DEOPT PACKING pc=0x00000122afb099bc sp=0x00000019146fe770
Event: 1.269 Thread 0x00000122acd938a0 DEOPT UNPACKING pc=0x00000122b6faa9e3 sp=0x00000019146fdbf8 mode 0

Classes unloaded (0 events):
No events

Classes redefined (0 events):
No events

Internal exceptions (9 events):
Event: 0.220 Thread 0x00000122acd938a0 Exception <a 'java/lang/NoSuchMethodError'{0x00000000eacb22d8}: 'void java.lang.invoke.DirectMethodHandle$Holder.invokeStatic(java.lang.Object, java.lang.Object, java.lang.Object)'> (0x00000000eacb22d8) 
thrown [s\src\hotspot\share\interpreter\linkResolver.cpp, line 759]
Event: 0.522 Thread 0x00000122acd938a0 Exception <a 'java/lang/reflect/InvocationTargetException'{0x00000000eaf79158}> (0x00000000eaf79158) 
thrown [s\src\hotspot\share\runtime\reflection.cpp, line 1121]
Event: 1.187 Thread 0x00000122acd938a0 Exception <a 'java/lang/ClassNotFoundException'{0x00000000eb769578}: sun/net/www/protocol/c/Handler> (0x00000000eb769578) 
thrown [s\src\hotspot\share\classfile\systemDictionary.cpp, line 256]
Event: 1.193 Thread 0x00000122acd938a0 Exception <a 'java/io/FileNotFoundException'{0x00000000eb77c730}> (0x00000000eb77c730) 
thrown [s\src\hotspot\share\prims\jni.cpp, line 516]
Event: 1.194 Thread 0x00000122acd938a0 Exception <a 'java/io/FileNotFoundException'{0x00000000eb77d478}> (0x00000000eb77d478) 
thrown [s\src\hotspot\share\prims\jni.cpp, line 516]
Event: 1.194 Thread 0x00000122acd938a0 Exception <a 'java/io/FileNotFoundException'{0x00000000eb77e1a0}> (0x00000000eb77e1a0) 
thrown [s\src\hotspot\share\prims\jni.cpp, line 516]
Event: 1.194 Thread 0x00000122acd938a0 Exception <a 'java/io/FileNotFoundException'{0x00000000eb77ee98}> (0x00000000eb77ee98) 
thrown [s\src\hotspot\share\prims\jni.cpp, line 516]
Event: 1.200 Thread 0x00000122acd938a0 Implicit null exception at 0x00000122b7511572 to 0x00000122b7511ae8
Event: 1.202 Thread 0x00000122acd938a0 Exception <a 'java/io/FileNotFoundException'{0x00000000eb7bd680}> (0x00000000eb7bd680) 
thrown [s\src\hotspot\share\prims\jni.cpp, line 516]

VM Operations (10 events):
Event: 0.225 Executing VM operation: HandshakeAllThreads
Event: 0.225 Executing VM operation: HandshakeAllThreads done
Event: 0.430 Executing VM operation: HandshakeAllThreads
Event: 0.430 Executing VM operation: HandshakeAllThreads done
Event: 1.118 Executing VM operation: HandshakeAllThreads
Event: 1.118 Executing VM operation: HandshakeAllThreads done
Event: 1.118 Executing VM operation: Cleanup
Event: 1.118 Executing VM operation: Cleanup done
Event: 1.171 Executing VM operation: HandshakeAllThreads
Event: 1.171 Executing VM operation: HandshakeAllThreads done

Events (20 events):
Event: 1.230 loading class java/nio/file/attribute/AclFileAttributeView done
Event: 1.230 loading class sun/nio/fs/AbstractAclFileAttributeView done
Event: 1.230 loading class sun/nio/fs/WindowsAclFileAttributeView done
Event: 1.231 loading class sun/nio/fs/WindowsSecurity
Event: 1.232 loading class sun/nio/fs/WindowsSecurity done
Event: 1.232 loading class sun/nio/fs/WindowsFileStore
Event: 1.232 loading class java/nio/file/FileStore
Event: 1.233 loading class java/nio/file/FileStore done
Event: 1.234 loading class sun/nio/fs/WindowsFileStore done
Event: 1.242 loading class java/net/URLClassLoader$1
Event: 1.242 loading class java/net/URLClassLoader$1 done
Event: 1.267 loading class sun/security/x509/RFC822Name
Event: 1.268 loading class sun/security/x509/RFC822Name done
Event: 1.299 loading class sun/security/rsa/RSASignature$SHA384withRSA
Event: 1.300 loading class sun/security/rsa/RSASignature$SHA384withRSA done
Event: 1.300 loading class sun/security/provider/SHA5$SHA384
Event: 1.300 loading class sun/security/provider/SHA5
Event: 1.300 loading class sun/security/provider/SHA5 done
Event: 1.300 loading class sun/security/provider/SHA5$SHA384 done
Event: 1.317 loading class jdk/internal/reflect/MethodAccessorGenerator


Dynamic libraries:
0x00007ff64dd00000 - 0x00007ff64dd0e000 	c:\Users\sipen\.vscode\extensions\redhat.java-1.16.0-win32-x64\jre\17.0.6-win32-x86_64\bin\java.exe
0x00007fffcabd0000 - 0x00007fffcadc8000 	C:\Windows\SYSTEM32\ntdll.dll
0x00007fffc8c20000 - 0x00007fffc8cdf000 	C:\Windows\System32\KERNEL32.DLL
0x00007fffc8840000 - 0x00007fffc8b12000 	C:\Windows\System32\KERNELBASE.dll
0x00007fffc8b20000 - 0x00007fffc8c20000 	C:\Windows\System32\ucrtbase.dll
0x00007fffc1550000 - 0x00007fffc1567000 	c:\Users\sipen\.vscode\extensions\redhat.java-1.16.0-win32-x64\jre\17.0.6-win32-x86_64\bin\jli.dll
0x00007fffc8e60000 - 0x00007fffc9001000 	C:\Windows\System32\USER32.dll
0x00007fffc8530000 - 0x00007fffc8552000 	C:\Windows\System32\win32u.dll
0x00007fffca450000 - 0x00007fffca47b000 	C:\Windows\System32\GDI32.dll
0x00007fffc8390000 - 0x00007fffc849f000 	C:\Windows\System32\gdi32full.dll
0x00007fffc8640000 - 0x00007fffc86dd000 	C:\Windows\System32\msvcp_win.dll
0x00007fffc1530000 - 0x00007fffc1549000 	c:\Users\sipen\.vscode\extensions\redhat.java-1.16.0-win32-x64\jre\17.0.6-win32-x86_64\bin\VCRUNTIME140.dll
0x00007fffb9500000 - 0x00007fffb979a000 	C:\Windows\WinSxS\amd64_microsoft.windows.common-controls_6595b64144ccf1df_6.0.19041.1110_none_60b5254171f9507e\COMCTL32.dll
0x00007fffca3b0000 - 0x00007fffca44e000 	C:\Windows\System32\msvcrt.dll
0x00007fffc8ce0000 - 0x00007fffc8d10000 	C:\Windows\System32\IMM32.DLL
0x00007fffc3a60000 - 0x00007fffc3a6c000 	c:\Users\sipen\.vscode\extensions\redhat.java-1.16.0-win32-x64\jre\17.0.6-win32-x86_64\bin\vcruntime140_1.dll
0x00007fff82a10000 - 0x00007fff82aa1000 	c:\Users\sipen\.vscode\extensions\redhat.java-1.16.0-win32-x64\jre\17.0.6-win32-x86_64\bin\msvcp140.dll
0x00007fff7e940000 - 0x00007fff7f587000 	c:\Users\sipen\.vscode\extensions\redhat.java-1.16.0-win32-x64\jre\17.0.6-win32-x86_64\bin\server\jvm.dll
0x00007fffc9e70000 - 0x00007fffc9f1e000 	C:\Windows\System32\ADVAPI32.dll
0x00007fffc9f20000 - 0x00007fffc9fbc000 	C:\Windows\System32\sechost.dll
0x00007fffca980000 - 0x00007fffcaaa4000 	C:\Windows\System32\RPCRT4.dll
0x00007fffc1520000 - 0x00007fffc1529000 	C:\Windows\SYSTEM32\WSOCK32.dll
0x00007fffca480000 - 0x00007fffca4eb000 	C:\Windows\System32\WS2_32.dll
0x00007fffaf2a0000 - 0x00007fffaf2c7000 	C:\Windows\SYSTEM32\WINMM.dll
0x00007fffc0170000 - 0x00007fffc017a000 	C:\Windows\SYSTEM32\VERSION.dll
0x00007fffc6b20000 - 0x00007fffc6b32000 	C:\Windows\SYSTEM32\kernel.appcore.dll
0x00007fffc1370000 - 0x00007fffc137a000 	c:\Users\sipen\.vscode\extensions\redhat.java-1.16.0-win32-x64\jre\17.0.6-win32-x86_64\bin\jimage.dll
0x00007fffc6070000 - 0x00007fffc6254000 	C:\Windows\SYSTEM32\DBGHELP.DLL
0x00007fffae8c0000 - 0x00007fffae8f5000 	C:\Windows\SYSTEM32\dbgcore.DLL
0x00007fffc84a0000 - 0x00007fffc8522000 	C:\Windows\System32\bcryptPrimitives.dll
0x00007fffc0220000 - 0x00007fffc022e000 	c:\Users\sipen\.vscode\extensions\redhat.java-1.16.0-win32-x64\jre\17.0.6-win32-x86_64\bin\instrument.dll
0x00007fffa5ea0000 - 0x00007fffa5ec5000 	c:\Users\sipen\.vscode\extensions\redhat.java-1.16.0-win32-x64\jre\17.0.6-win32-x86_64\bin\java.dll
0x00007fffb8a50000 - 0x00007fffb8a68000 	c:\Users\sipen\.vscode\extensions\redhat.java-1.16.0-win32-x64\jre\17.0.6-win32-x86_64\bin\zip.dll
0x00007fffc9720000 - 0x00007fffc9e65000 	C:\Windows\System32\SHELL32.dll
0x00007fffc6370000 - 0x00007fffc6b02000 	C:\Windows\SYSTEM32\windows.storage.dll
0x00007fffca4f0000 - 0x00007fffca845000 	C:\Windows\System32\combase.dll
0x00007fffc7d30000 - 0x00007fffc7d60000 	C:\Windows\SYSTEM32\Wldp.dll
0x00007fffca300000 - 0x00007fffca3ad000 	C:\Windows\System32\SHCORE.dll
0x00007fffc9120000 - 0x00007fffc9175000 	C:\Windows\System32\shlwapi.dll
0x00007fffc8210000 - 0x00007fffc822f000 	C:\Windows\SYSTEM32\profapi.dll
0x00007fffb89e0000 - 0x00007fffb89f9000 	C:\Users\sipen\.vscode\extensions\redhat.java-1.16.0-win32-x64\jre\17.0.6-win32-x86_64\bin\net.dll
0x00007fffc31c0000 - 0x00007fffc32ca000 	C:\Windows\SYSTEM32\WINHTTP.dll
0x00007fffc7a90000 - 0x00007fffc7afa000 	C:\Windows\system32\mswsock.dll
0x00007fffaf2e0000 - 0x00007fffaf2f5000 	C:\Users\sipen\.vscode\extensions\redhat.java-1.16.0-win32-x64\jre\17.0.6-win32-x86_64\bin\nio.dll
0x00007fffbfcf0000 - 0x00007fffbfd00000 	c:\Users\sipen\.vscode\extensions\redhat.java-1.16.0-win32-x64\jre\17.0.6-win32-x86_64\bin\verify.dll

dbghelp: loaded successfully - version: 4.0.5 - missing functions: none
symbol engine: initialized successfully - sym options: 0x614 - pdb path: .;c:\Users\sipen\.vscode\extensions\redhat.java-1.16.0-win32-x64\jre\17.0.6-win32-x86_64\bin;C:\Windows\SYSTEM32;C:\Windows\WinSxS\amd64_microsoft.windows.common-controls_6595b64144ccf1df_6.0.19041.1110_none_60b5254171f9507e;c:\Users\sipen\.vscode\extensions\redhat.java-1.16.0-win32-x64\jre\17.0.6-win32-x86_64\bin\server

VM Arguments:
jvm_args: --add-modules=ALL-SYSTEM --add-opens=java.base/java.util=ALL-UNNAMED --add-opens=java.base/java.lang=ALL-UNNAMED --add-opens=java.base/sun.nio.fs=ALL-UNNAMED -Declipse.application=org.eclipse.jdt.ls.core.id1 -Dosgi.bundles.defaultStartLevel=4 -Declipse.product=org.eclipse.jdt.ls.core.product -Djava.import.generatesMetadataFilesAtProjectRoot=false -Dfile.encoding=utf8 -XX:+UseParallelGC -XX:GCTimeRatio=4 -XX:AdaptiveSizePolicyWeight=90 -Dsun.zip.disableMemoryMapping=true -Xmx1G -Xms100m -Xlog:disable -javaagent:c:\Users\sipen\.vscode\extensions\redhat.java-1.16.0-win32-x64\lombok\lombok-1.18.24.jar 
java_command: c:\Users\sipen\.vscode\extensions\redhat.java-1.16.0-win32-x64\server\plugins\org.eclipse.equinox.launcher_1.6.400.v20210924-0641.jar -configuration c:\Users\sipen\AppData\Roaming\Code\User\globalStorage\redhat.java\1.16.0\config_ss_win -data c:\Users\sipen\AppData\Roaming\Code\User\workspaceStorage\33f9beadbb56ea88f4d707c5dc9e640f\redhat.java\ss_ws
java_class_path (initial): c:\Users\sipen\.vscode\extensions\redhat.java-1.16.0-win32-x64\server\plugins\org.eclipse.equinox.launcher_1.6.400.v20210924-0641.jar
Launcher Type: SUN_STANDARD

[Global flags]
    uintx AdaptiveSizePolicyWeight                 = 90                                        {product} {command line}
     intx CICompilerCount                          = 4                                         {product} {ergonomic}
    uintx GCTimeRatio                              = 4                                         {product} {command line}
   size_t InitialHeapSize                          = 104857600                                 {product} {command line}
   size_t MaxHeapSize                              = 1073741824                                {product} {command line}
   size_t MaxNewSize                               = 357564416                                 {product} {ergonomic}
   size_t MinHeapDeltaBytes                        = 524288                                    {product} {ergonomic}
   size_t MinHeapSize                              = 104857600                                 {product} {command line}
   size_t NewSize                                  = 34603008                                  {product} {ergonomic}
    uintx NonNMethodCodeHeapSize                   = 5839372                                {pd product} {ergonomic}
    uintx NonProfiledCodeHeapSize                  = 122909434                              {pd product} {ergonomic}
   size_t OldSize                                  = 70254592                                  {product} {ergonomic}
    uintx ProfiledCodeHeapSize                     = 122909434                              {pd product} {ergonomic}
    uintx ReservedCodeCacheSize                    = 251658240                              {pd product} {ergonomic}
     bool SegmentedCodeCache                       = true                                      {product} {ergonomic}
   size_t SoftMaxHeapSize                          = 1073741824                             {manageable} {ergonomic}
     bool UseCompressedClassPointers               = true                           {product lp64_product} {ergonomic}
     bool UseCompressedOops                        = true                           {product lp64_product} {ergonomic}
     bool UseLargePagesIndividualAllocation        = false                                  {pd product} {ergonomic}
     bool UseParallelGC                            = true                                      {product} {command line}

Logging:
Log output configuration:
 #0: stdout all=off uptime,level,tags
 #1: stderr all=off uptime,level,tags

Environment Variables:
JAVA_HOME=C:\Users\sipen\AppData\Local\Programs\Eclipse Adoptium\jdk-17.0.6.10-hotspot\
PATH=C:\app\Montreal\product\11.2.0\client_1\bin;C:\Windows\system32;C:\Windows;C:\Windows\System32\Wbem;C:\Windows\System32\WindowsPowerShell\v1.0\;C:\Windows\System32\OpenSSH\;C:\Program Files (x86)\DERMALOG\ComponentSystem\;C:\Program Files\TortoiseSVN\bin;C:\Program Files\Git\cmd;C:\Users\sipen\AppData\Local\Programs\Eclipse Adoptium\jdk-17.0.6.10-hotspot\bin;C:\Users\sipen\AppData\Local\Microsoft\WindowsApps;;C:\Users\sipen\AppData\Local\Programs\Microsoft VS Code\bin
USERNAME=sipen
OS=Windows_NT
PROCESSOR_IDENTIFIER=Intel64 Family 6 Model 140 Stepping 1, GenuineIntel
TMP=C:\Users\sipen\AppData\Local\Temp
TEMP=C:\Users\sipen\AppData\Local\Temp



---------------  S Y S T E M  ---------------

OS:
 Windows 10 , 64 bit Build 19041 (10.0.19041.2546)
OS uptime: 14 days 9:13 hours

CPU: total 8 (initial active 8) (4 cores per cpu, 2 threads per core) family 6 model 140 stepping 1 microcode 0x8a, cx8, cmov, fxsr, ht, mmx, 3dnowpref, sse, sse2, sse3, ssse3, sse4.1, sse4.2, popcnt, lzcnt, tsc, tscinvbit, avx, avx2, aes, erms, clmul, bmi1, bmi2, adx, avx512f, avx512dq, avx512cd, avx512bw, avx512vl, sha, fma, vzeroupper, avx512_vpopcntdq, avx512_vpclmulqdq, avx512_vaes, avx512_vnni, clflush, clflushopt, clwb, avx512_vbmi2, avx512_vbmi

Memory: 4k page, system-wide physical 7991M (163M free)
TotalPageFile size 32567M (AvailPageFile size 37M)
current process WorkingSet (physical memory assigned to process): 59M, peak: 59M
current process commit charge ("private bytes"): 195M, peak: 195M

vm_info: OpenJDK 64-Bit Server VM (17.0.6+10) for windows-amd64 JRE (17.0.6+10), built on Jan 18 2023 10:08:59 by "temurin" with MS VC++ 16.7 (VS2019)

END.
